\BOOKMARK [0][-]{chapter*.2}{\376\377\000I\000n\000t\000r\000o\000d\000u\000c\000e\000r\000e}{}% 1
\BOOKMARK [0][-]{chapter*.3}{\376\377\000C\000o\000n\000t\000r\000i\000b\000u\002\033\000i\000e}{}% 2
\BOOKMARK [0][-]{chapter*.4}{\376\377\000M\000o\000t\000i\000v\000a\002\033\000i\000e}{}% 3
\BOOKMARK [0][-]{chapter.1}{\376\377\000D\000e\000s\000c\000r\000i\000e\000r\000e\000a\000\040\000p\000r\000o\000b\000l\000e\000m\000e\000i}{}% 4
\BOOKMARK [1][-]{section.1.1}{\376\377\000P\000r\000o\000b\000l\000e\000m\000a\000\040\000c\000o\000l\000o\000r\001\003\000r\000i\000i\000\040\002\031\000i\000\040\000m\000u\000l\000t\000i\000c\000o\000l\000o\000r\001\003\000r\000i\000i\000\040\000g\000r\000a\000f\000u\000r\000i\000l\000o\000r}{chapter.1}% 5
\BOOKMARK [1][-]{section.1.2}{\376\377\000D\000i\000f\000e\000r\000e\000n\002\033\000e\000\040\000\356\000n\000t\000r\000e\000\040\000c\000o\000l\000o\000r\000a\000r\000e\000\040\000c\000l\000a\000s\000i\000c\001\003\000\040\002\031\000i\000\040\000m\000u\000l\000t\000i\000c\000o\000l\000o\000r\000a\000r\000e\000.}{chapter.1}% 6
\BOOKMARK [1][-]{section.1.3}{\376\377\000A\000p\000l\000i\000c\000a\002\033\000i\000i\000\040\000r\000e\000l\000e\000v\000a\000n\000t\000e\000\040\000a\000l\000e\000\040\000m\000u\000l\000t\000i\000c\000o\000l\000o\000r\001\003\000r\000i\000i}{chapter.1}% 7
\BOOKMARK [0][-]{chapter.2}{\376\377\000M\000u\000l\000t\000i\000c\000o\000l\000o\000r\000a\000r\000e\000a\000\040\000\356\000n\000\040\000p\000l\000a\000n\000i\000f\000i\000c\000a\000r\000e\000\040\000j\000o\000b\000u\000r\000i\000l\000o\000r}{}% 8
\BOOKMARK [1][-]{section.2.1}{\376\377\000M\000o\000d\000e\000l\000a\000r\000e\000a\000\040\000p\000r\000o\000b\000l\000e\000m\000e\000i\000\040\000d\000e\000\040\000j\000o\000b\000\040\000s\000c\000h\000e\000d\000u\000l\000i\000n\000g\000\040\000c\000a\000\040\000g\000r\000a\000f}{chapter.2}% 9
\BOOKMARK [1][-]{section.2.2}{\376\377\000C\000o\000n\000s\000t\000r\000\342\000n\000g\000e\000r\000i\000\040\000d\000e\000\040\000a\000l\000o\000c\000a\000r\000e\000\040\000a\000\040\000r\000e\000s\000u\000r\000s\000e\000l\000o\000r\000\040\002\031\000i\000\040\000t\000i\000m\000p\000u\000l\000u\000i}{chapter.2}% 10
\BOOKMARK [1][-]{section.2.3}{\376\377\000D\000i\000f\000i\000c\000u\000l\000t\000a\000t\000e\000a\000\040\000p\000r\000o\000b\000l\000e\000m\000e\000i}{chapter.2}% 11
\BOOKMARK [0][-]{chapter.3}{\376\377\000A\000l\000g\000o\000r\000i\000t\000m\000i\000\040\000i\000m\000p\000l\000e\000m\000e\000n\000t\000a\002\033\000i}{}% 12
\BOOKMARK [1][-]{section.3.1}{\376\377\000A\000l\000g\000o\000r\000i\000t\000m\000u\000l\000\040\000G\000r\000e\000e\000d\000y}{chapter.3}% 13
\BOOKMARK [1][-]{section.3.2}{\376\377\000A\000l\000g\000o\000r\000i\000t\000m\000u\000l\000\040\000D\000e\000s\000c\000e\000n\000t}{chapter.3}% 14
\BOOKMARK [1][-]{section.3.3}{\376\377\000A\000l\000g\000o\000r\000i\000t\000m\000u\000l\000\040\000T\000a\000b\000u\000\040\000S\000e\000a\000r\000c\000h}{chapter.3}% 15
\BOOKMARK [0][-]{chapter.4}{\376\377\000E\000x\000p\000e\000r\000i\000m\000e\000n\000t\000e\000\040\002\031\000i\000\040\000r\000e\000z\000u\000l\000t\000a\000t\000e}{}% 16
\BOOKMARK [1][-]{section.4.1}{\376\377\000M\001\003\000s\000u\000r\001\003\000t\000o\000r\000i\000\040\002\031\000i\000\040\000m\000e\000t\000r\000i\000c\000i}{chapter.4}% 17
\BOOKMARK [1][-]{section.4.2}{\376\377\000I\000n\000t\000e\000r\000p\000r\000e\000t\000a\000r\000e\000a\000\040\000r\000e\000z\000u\000l\000t\000a\000t\000e\000l\000o\000r\000\040\002\031\000i\000\040\000c\000o\000n\000c\000l\000u\000z\000i\000i\000\040\000p\000a\000r\002\033\000i\000a\000l\000e}{chapter.4}% 18
\BOOKMARK [0][-]{chapter.5}{\376\377\000D\000e\000z\000v\000o\000l\000t\000a\000r\000e\000a\000\040\000a\000p\000l\000i\000c\000a\002\033\000i\000e\000i\000\040\000w\000e\000b}{}% 19
\BOOKMARK [1][-]{section.5.1}{\376\377\000A\000r\000h\000i\000t\000e\000c\000t\000u\000r\000a\000\040\000g\000e\000n\000e\000r\000a\000l\001\003\000\040\000a\000\040\000a\000p\000l\000i\000c\000a\002\033\000i\000e\000i}{chapter.5}% 20
\BOOKMARK [1][-]{section.5.2}{\376\377\000\040\000P\000r\000e\000l\000u\000c\000r\000a\000r\000e\000a\000\040\002\031\000i\000\040\000i\000n\000t\000r\000o\000d\000u\000c\000e\000r\000e\000a\000\040\000d\000a\000t\000e\000l\000o\000r\000\040\000\356\000n\000\040\000a\000p\000l\000i\000c\000a\002\033\000i\000e}{chapter.5}% 21
\BOOKMARK [2][-]{subsection.5.2.1}{\376\377\000M\000o\000d\000e\000l\000u\000l\000\040\000d\000a\000t\000e\000l\000o\000r\000\040\000\356\000n\000\040\000b\000a\000c\000k\000e\000n\000d\000\040\002\031\000i\000\040\000l\000e\000g\001\003\000t\000u\000r\000a\000\040\000c\000u\000\040\000p\000r\000o\000b\000l\000e\000m\000a\000\040\000p\000l\000a\000n\000i\000f\000i\000c\001\003\000r\000i\000i}{section.5.2}% 22
\BOOKMARK [2][-]{subsection.5.2.2}{\376\377\000M\000o\000d\000e\000l\000u\000l\000\040\000p\000e\000n\000t\000r\000u\000\040\000s\000t\000o\000c\000a\000r\000e\000a\000\040\000r\000e\000z\000u\000l\000t\000a\000t\000e\000l\000o\000r\000\040\000a\000l\000g\000o\000r\000i\000t\000m\000i\000l\000o\000r\000\040\000d\000e\000\040\000p\000l\000a\000n\000i\000f\000i\000c\000a\000r\000e}{section.5.2}% 23
\BOOKMARK [2][-]{subsection.5.2.3}{\376\377\000I\000n\000t\000r\000o\000d\000u\000c\000e\000r\000e\000a\000\040\000d\000a\000t\000e\000l\000o\000r}{section.5.2}% 24
\BOOKMARK [2][-]{subsection.5.2.4}{\376\377\000P\000r\000e\000l\000u\000c\000r\000a\000r\000e\000a\000\040\000d\000a\000t\000e\000l\000o\000r}{section.5.2}% 25
\BOOKMARK [1][-]{section.5.3}{\376\377\000M\000o\000d\000u\000l\000u\000l\000\040\000d\000e\000\040\000m\000u\000l\000t\000i\000c\000o\000l\000o\000r\000a\000r\000e\000\040\002\031\000i\000\040\000i\000n\000t\000e\000r\000f\000a\002\033\000a\000\040\000u\000t\000i\000l\000i\000z\000a\000t\000o\000r}{chapter.5}% 26
\BOOKMARK [0][-]{chapter*.5}{\376\377\000C\000o\000n\000c\000l\000u\000z\000i\000i}{}% 27
\BOOKMARK [0][-]{chapter*.6}{\376\377\000B\000i\000b\000l\000i\000o\000g\000r\000a\000f\000i\000e}{}% 28
